client/src/components/activity-management-page.tsx(150,38): error TS2304: Cannot find name 'Season'.
client/src/components/quote-promo/accordi-tab.tsx(36,81): error TS2339: Property 'instructorId' does not exist on type 'ExpandedAgreement'.
client/src/components/quote-promo/accordi-tab.tsx(38,90): error TS2339: Property 'instructorId' does not exist on type 'ExpandedAgreement'.
client/src/components/quote-promo/new-carnet-dialog.tsx(78,64): error TS2352: Conversion of type 'number' to type 'string' may be a mistake because neither type sufficiently overlaps with the other. If this was intentional, convert the expression to 'unknown' first.
client/src/components/quote-promo/new-carnet-dialog.tsx(125,45): error TS2352: Conversion of type 'number' to type 'string' may be a mistake because neither type sufficiently overlaps with the other. If this was intentional, convert the expression to 'unknown' first.
client/src/components/quote-promo/new-carnet-dialog.tsx(224,36): error TS2322: Type '"link"' is not assignable to type '"default" | "destructive" | "outline" | "secondary" | "ghost" | null | undefined'.
client/src/lib/event-mappers.ts(2,23): error TS2305: Module '"@shared/schema"' has no exported member 'Workshop'.
client/src/pages/access-control.tsx(47,3): error TS2305: Module '"@shared/schema"' has no exported member 'Workshop'.
client/src/pages/attivita.tsx(40,11): error TS2305: Module '"@shared/schema"' has no exported member 'Workshop'.
client/src/pages/calendar.tsx(70,5): error TS2305: Module '"@shared/schema"' has no exported member 'Workshop'.
client/src/pages/gempass.tsx(131,9): error TS7034: Variable 'formSeasons' implicitly has type 'any[]' in some locations where its type cannot be determined.
client/src/pages/gempass.tsx(160,19): error TS7005: Variable 'formSeasons' implicitly has an 'any[]' type.
client/src/pages/iscritti_per_attivita.tsx(35,23): error TS2305: Module '"@shared/schema"' has no exported member 'Workshop'.
client/src/pages/iscritti_per_attivita.tsx(35,41): error TS2305: Module '"@shared/schema"' has no exported member 'PaidTrial'.
client/src/pages/iscritti_per_attivita.tsx(35,52): error TS2305: Module '"@shared/schema"' has no exported member 'FreeTrial'.
client/src/pages/iscritti_per_attivita.tsx(35,63): error TS2305: Module '"@shared/schema"' has no exported member 'SingleLesson'.
client/src/pages/iscritti_per_attivita.tsx(35,77): error TS2305: Module '"@shared/schema"' has no exported member 'CampusActivity'.
client/src/pages/iscritti_per_attivita.tsx(35,93): error TS2305: Module '"@shared/schema"' has no exported member 'VacationStudy'.
client/src/pages/listini.tsx(4,82): error TS2305: Module '"@shared/schema"' has no exported member 'Workshop'.
client/src/pages/listini.tsx(4,147): error TS2305: Module '"@shared/schema"' has no exported member 'PaidTrial'.
client/src/pages/listini.tsx(4,158): error TS2305: Module '"@shared/schema"' has no exported member 'FreeTrial'.
client/src/pages/listini.tsx(4,169): error TS2305: Module '"@shared/schema"' has no exported member 'SingleLesson'.
client/src/pages/listini.tsx(4,183): error TS2305: Module '"@shared/schema"' has no exported member 'CampusActivity'.
client/src/pages/listini.tsx(4,199): error TS2305: Module '"@shared/schema"' has no exported member 'VacationStudy'.
client/src/pages/scheda-campus.tsx(23,15): error TS2305: Module '"@shared/schema"' has no exported member 'CampusActivity'.
client/src/pages/scheda-vacanza-studio.tsx(23,15): error TS2305: Module '"@shared/schema"' has no exported member 'VacationStudy'.
client/src/pages/scheda-workshop.tsx(23,23): error TS2305: Module '"@shared/schema"' has no exported member 'Workshop'.
client/src/pages/webhook-status.tsx(189,54): error TS2322: Type '"link"' is not assignable to type '"default" | "destructive" | "outline" | "secondary" | "ghost" | null | undefined'.
client/src/pages/workshops.tsx(32,15): error TS2305: Module '"@shared/schema"' has no exported member 'Workshop'.
client/src/pages/workshops.tsx(32,25): error TS2305: Module '"@shared/schema"' has no exported member 'InsertWorkshop'.
client/src/pages/workshops.tsx(32,79): error TS2305: Module '"@shared/schema"' has no exported member 'WorkshopAttendance'.
client/src/pages/workshops.tsx(205,22): error TS2339: Property 'workshopId' does not exist on type 'AttendanceWithMember'.
client/src/pages/workshops.tsx(212,34): error TS2339: Property 'attendanceDate' does not exist on type '{ memberName: string; memberFirstName?: string | null | undefined; memberLastName?: string | null | undefined; memberFiscalCode?: string | null | undefined; }'.
client/src/pages/workshops.tsx(212,73): error TS2339: Property 'attendanceDate' does not exist on type '{ memberName: string; memberFirstName?: string | null | undefined; memberLastName?: string | null | undefined; memberFiscalCode?: string | null | undefined; }'.
server/routes.ts(3323,11): error TS2304: Cannot find name 'or'.
server/routes.ts(6731,83): error TS2561: Object literal may only specify known properties, but 'entity' does not exist in type '{ userId: string; action: string; details?: Json | undefined; entityType?: string | null | undefined; entityId?: string | null | undefined; ipAddress?: string | null | undefined; }'. Did you mean to write 'entityId'?
server/routes.ts(6743,82): error TS2561: Object literal may only specify known properties, but 'entity' does not exist in type '{ userId: string; action: string; details?: Json | undefined; entityType?: string | null | undefined; entityId?: string | null | undefined; ipAddress?: string | null | undefined; }'. Did you mean to write 'entityId'?
server/routes.ts(6768,32): error TS18047: 'exactRule.usedCount' is possibly 'null'.
server/routes.ts(6770,60): error TS2339: Property 'targetRefId' does not exist on type '{ isExpired: boolean; id: number; tenantId: number; code: string; label: string; ruleType: "fixed" | "percentage" | "blocked_price"; value: string; validFrom: Date | null; validTo: Date | null; ... 11 more ...; updatedAt: Date | null; }'.
server/routes.ts(6774,21): error TS2339: Property 'discountType' does not exist on type '{ isExpired: boolean; id: number; tenantId: number; code: string; label: string; ruleType: "fixed" | "percentage" | "blocked_price"; value: string; validFrom: Date | null; validTo: Date | null; ... 11 more ...; updatedAt: Date | null; }'.
server/routes.ts(6775,49): error TS2339: Property 'discountValue' does not exist on type '{ isExpired: boolean; id: number; tenantId: number; code: string; label: string; ruleType: "fixed" | "percentage" | "blocked_price"; value: string; validFrom: Date | null; validTo: Date | null; ... 11 more ...; updatedAt: Date | null; }'.
server/routes.ts(6777,59): error TS2339: Property 'discountValue' does not exist on type '{ isExpired: boolean; id: number; tenantId: number; code: string; label: string; ruleType: "fixed" | "percentage" | "blocked_price"; value: string; validFrom: Date | null; validTo: Date | null; ... 11 more ...; updatedAt: Date | null; }'.
server/routes.ts(6838,78): error TS2561: Object literal may only specify known properties, but 'entity' does not exist in type '{ userId: string; action: string; details?: Json | undefined; entityType?: string | null | undefined; entityId?: string | null | undefined; ipAddress?: string | null | undefined; }'. Did you mean to write 'entityId'?
server/routes.ts(6892,85): error TS2561: Object literal may only specify known properties, but 'entity' does not exist in type '{ userId: string; action: string; details?: Json | undefined; entityType?: string | null | undefined; entityId?: string | null | undefined; ipAddress?: string | null | undefined; }'. Did you mean to write 'entityId'?
server/routes.ts(7110,30): error TS2339: Property 'getPriceMatrix' does not exist on type 'DatabaseStorage'.
server/routes.ts(7217,9): error TS2769: No overload matches this call.
  Overload 1 of 2, '(value: { amount: string | SQL<unknown> | Placeholder<string, any>; type: string | SQL<unknown> | Placeholder<string, any>; id?: number | SQL<unknown> | Placeholder<string, any> | undefined; ... 36 more ...; enrollmentDetailLabels?: string[] | ... 3 more ... | undefined; }): MySqlInsertBase<...>', gave the following error.
    Object literal may only specify known properties, and 'tenantId' does not exist in type '{ amount: string | SQL<unknown> | Placeholder<string, any>; type: string | SQL<unknown> | Placeholder<string, any>; id?: number | SQL<unknown> | Placeholder<string, any> | undefined; ... 36 more ...; enrollmentDetailLabels?: string[] | ... 3 more ... | undefined; }'.
  Overload 2 of 2, '(values: { amount: string | SQL<unknown> | Placeholder<string, any>; type: string | SQL<unknown> | Placeholder<string, any>; id?: number | SQL<unknown> | Placeholder<string, any> | undefined; ... 36 more ...; enrollmentDetailLabels?: string[] | ... 3 more ... | undefined; }[]): MySqlInsertBase<...>', gave the following error.
    Object literal may only specify known properties, and 'tenantId' does not exist in type '{ amount: string | SQL<unknown> | Placeholder<string, any>; type: string | SQL<unknown> | Placeholder<string, any>; id?: number | SQL<unknown> | Placeholder<string, any> | undefined; ... 36 more ...; enrollmentDetailLabels?: string[] | ... 3 more ... | undefined; }[]'.
server/routes.ts(7229,39): error TS2769: No overload matches this call.
  Overload 1 of 2, '(value: { description: string | SQL<unknown> | Placeholder<string, any>; amount: string | SQL<unknown> | Placeholder<string, any>; entryDate: Date | SQL<...> | Placeholder<...>; ... 12 more ...; isAuto?: boolean | ... 3 more ... | undefined; }): MySqlInsertBase<...>', gave the following error.
    Object literal may only specify known properties, and 'date' does not exist in type '{ description: string | SQL<unknown> | Placeholder<string, any>; amount: string | SQL<unknown> | Placeholder<string, any>; entryDate: Date | SQL<...> | Placeholder<...>; ... 12 more ...; isAuto?: boolean | ... 3 more ... | undefined; }'.
  Overload 2 of 2, '(values: { description: string | SQL<unknown> | Placeholder<string, any>; amount: string | SQL<unknown> | Placeholder<string, any>; entryDate: Date | SQL<...> | Placeholder<...>; ... 12 more ...; isAuto?: boolean | ... 3 more ... | undefined; }[]): MySqlInsertBase<...>', gave the following error.
    Object literal may only specify known properties, and 'tenantId' does not exist in type '{ description: string | SQL<unknown> | Placeholder<string, any>; amount: string | SQL<unknown> | Placeholder<string, any>; entryDate: Date | SQL<...> | Placeholder<...>; ... 12 more ...; isAuto?: boolean | ... 3 more ... | undefined; }[]'.
server/routes.ts(7255,15): error TS2339: Property 'category' does not exist on type '{ seasonId: any; startDate: any; endDate: any; }'.
server/routes.ts(7255,25): error TS2339: Property 'courseCount' does not exist on type '{ seasonId: any; startDate: any; endDate: any; }'.
server/routes.ts(7255,38): error TS2339: Property 'groupSize' does not exist on type '{ seasonId: any; startDate: any; endDate: any; }'.
server/routes.ts(7255,49): error TS2339: Property 'locationType' does not exist on type '{ seasonId: any; startDate: any; endDate: any; }'.
server/routes.ts(7271,11): error TS7034: Variable 'appliedRules' implicitly has type 'any[]' in some locations where its type cannot be determined.
server/routes.ts(7276,9): error TS7005: Variable 'appliedRules' implicitly has an 'any[]' type.
server/routes.ts(7459,138): error TS2769: No overload matches this call.
  Overload 1 of 3, '(left: MySqlColumn<{ name: "id"; tableName: "members"; dataType: "number"; columnType: "MySqlInt"; data: number; driverParam: string | number; notNull: true; hasDefault: true; isPrimaryKey: true; isAutoincrement: true; ... 4 more ...; generated: undefined; }, {}, {}>, right: number | SQLWrapper): SQL<...>', gave the following error.
    Argument of type 'number | null' is not assignable to parameter of type 'number | SQLWrapper'.
      Type 'null' is not assignable to type 'number | SQLWrapper'.
  Overload 2 of 3, '(left: Aliased<number | null>, right: number | SQLWrapper | null): SQL<unknown>', gave the following error.
    Argument of type 'MySqlColumn<{ name: "id"; tableName: "members"; dataType: "number"; columnType: "MySqlInt"; data: number; driverParam: string | number; notNull: true; hasDefault: true; isPrimaryKey: true; isAutoincrement: true; ... 4 more ...; generated: undefined; }, {}, {}>' is not assignable to parameter of type 'Aliased<number | null>'.
      Type 'MySqlColumn<{ name: "id"; tableName: "members"; dataType: "number"; columnType: "MySqlInt"; data: number; driverParam: string | number; notNull: true; hasDefault: true; isPrimaryKey: true; isAutoincrement: true; ... 4 more ...; generated: undefined; }, {}, {}>' is missing the following properties from type 'Aliased<number | null>': sql, fieldAlias
  Overload 3 of 3, '(left: never, right: unknown): SQL<unknown>', gave the following error.
    Argument of type 'MySqlColumn<{ name: "id"; tableName: "members"; dataType: "number"; columnType: "MySqlInt"; data: number; driverParam: string | number; notNull: true; hasDefault: true; isPrimaryKey: true; isAutoincrement: true; ... 4 more ...; generated: undefined; }, {}, {}>' is not assignable to parameter of type 'never'.
server/storage.ts(23,3): error TS2300: Duplicate identifier 'customListItems'.
server/storage.ts(62,8): error TS2305: Module '"@shared/schema"' has no exported member 'Workshop'.
server/storage.ts(63,8): error TS2305: Module '"@shared/schema"' has no exported member 'InsertWorkshop'.
server/storage.ts(74,8): error TS2305: Module '"@shared/schema"' has no exported member 'WorkshopAttendance'.
server/storage.ts(75,8): error TS2724: '"@shared/schema"' has no exported member named 'InsertWorkshopAttendance'. Did you mean 'InsertAttendance'?
server/storage.ts(134,8): error TS2305: Module '"@shared/schema"' has no exported member 'CampusActivity'.
server/storage.ts(135,8): error TS2724: '"@shared/schema"' has no exported member named 'InsertCampusActivity'. Did you mean 'InsertActivity'?
server/storage.ts(136,8): error TS2305: Module '"@shared/schema"' has no exported member 'VacationStudy'.
server/storage.ts(137,8): error TS2305: Module '"@shared/schema"' has no exported member 'InsertVacationStudy'.
server/storage.ts(162,3): error TS2300: Duplicate identifier 'customListItems'.
server/storage.ts(1971,35): error TS2552: Cannot find name 'workshops'. Did you mean 'Workshop'?
server/storage.ts(1971,55): error TS2552: Cannot find name 'workshops'. Did you mean 'Workshop'?
server/storage.ts(2339,5): error TS2322: Type '{ id: number; memberId: number; courseId: number; participationType: string | null; targetDate: Date | null; enrollmentDate: Date | null; status: string; notes: string | null; ... 7 more ...; seasonId: number | null; }[]' is not assignable to type '({ id: number; createdAt: Date | null; status: string; notes: string | null; seasonId: number | null; memberId: number; courseId: number; participationType: string | null; targetDate: Date | null; ... 5 more ...; completionNotes: string | null; } & { ...; })[]'.
  Type '{ id: number; memberId: number; courseId: number; participationType: string | null; targetDate: Date | null; enrollmentDate: Date | null; status: string; notes: string | null; ... 7 more ...; seasonId: number | null; }' is not assignable to type '{ id: number; createdAt: Date | null; status: string; notes: string | null; seasonId: number | null; memberId: number; courseId: number; participationType: string | null; targetDate: Date | null; ... 5 more ...; completionNotes: string | null; } & { ...; }'.
    Type '{ id: number; memberId: number; courseId: number; participationType: string | null; targetDate: Date | null; enrollmentDate: Date | null; status: string; notes: string | null; ... 7 more ...; seasonId: number | null; }' is missing the following properties from type '{ id: number; createdAt: Date | null; status: string; notes: string | null; seasonId: number | null; memberId: number; courseId: number; participationType: string | null; targetDate: Date | null; ... 5 more ...; completionNotes: string | null; }': onlineSource, pendingMedicalCert, pendingMembership, completionNotes
server/storage.ts(2366,5): error TS2322: Type '{ id: number; memberId: number; courseId: number; participationType: string | null; targetDate: Date | null; enrollmentDate: Date | null; status: string; notes: string | null; ... 7 more ...; seasonId: number | null; }[]' is not assignable to type '({ id: number; createdAt: Date | null; status: string; notes: string | null; seasonId: number | null; memberId: number; courseId: number; participationType: string | null; targetDate: Date | null; ... 5 more ...; completionNotes: string | null; } & { ...; })[]'.
  Type '{ id: number; memberId: number; courseId: number; participationType: string | null; targetDate: Date | null; enrollmentDate: Date | null; status: string; notes: string | null; ... 7 more ...; seasonId: number | null; }' is not assignable to type '{ id: number; createdAt: Date | null; status: string; notes: string | null; seasonId: number | null; memberId: number; courseId: number; participationType: string | null; targetDate: Date | null; ... 5 more ...; completionNotes: string | null; } & { ...; }'.
    Type '{ id: number; memberId: number; courseId: number; participationType: string | null; targetDate: Date | null; enrollmentDate: Date | null; status: string; notes: string | null; ... 7 more ...; seasonId: number | null; }' is missing the following properties from type '{ id: number; createdAt: Date | null; status: string; notes: string | null; seasonId: number | null; memberId: number; courseId: number; participationType: string | null; targetDate: Date | null; ... 5 more ...; completionNotes: string | null; }': onlineSource, pendingMedicalCert, pendingMembership, completionNotes
server/storage.ts(2406,5): error TS2322: Type '{ id: number; memberId: number; courseId: number; participationType: string | null; targetDate: Date | null; enrollmentDate: Date | null; status: string; notes: string | null; ... 9 more ...; courseInstructorName: string; }[]' is not assignable to type '({ id: number; createdAt: Date | null; status: string; notes: string | null; seasonId: number | null; memberId: number; courseId: number; participationType: string | null; targetDate: Date | null; ... 5 more ...; completionNotes: string | null; } & { ...; })[]'.
  Type '{ id: number; memberId: number; courseId: number; participationType: string | null; targetDate: Date | null; enrollmentDate: Date | null; status: string; notes: string | null; ... 9 more ...; courseInstructorName: string; }' is not assignable to type '{ id: number; createdAt: Date | null; status: string; notes: string | null; seasonId: number | null; memberId: number; courseId: number; participationType: string | null; targetDate: Date | null; ... 5 more ...; completionNotes: string | null; } & { ...; }'.
    Type '{ id: number; memberId: number; courseId: number; participationType: string | null; targetDate: Date | null; enrollmentDate: Date | null; status: string; notes: string | null; ... 9 more ...; courseInstructorName: string; }' is missing the following properties from type '{ id: number; createdAt: Date | null; status: string; notes: string | null; seasonId: number | null; memberId: number; courseId: number; participationType: string | null; targetDate: Date | null; ... 5 more ...; completionNotes: string | null; }': onlineSource, pendingMedicalCert, pendingMembership, completionNotes
server/storage.ts(2667,35): error TS2552: Cannot find name 'workshopAttendances'. Did you mean 'WorkshopAttendance'?
server/storage.ts(2667,69): error TS2552: Cannot find name 'workshopAttendances'. Did you mean 'WorkshopAttendance'?
server/storage.ts(2671,49): error TS2552: Cannot find name 'workshopAttendances'. Did you mean 'WorkshopAttendance'?
server/storage.ts(2671,79): error TS2552: Cannot find name 'workshopAttendances'. Did you mean 'WorkshopAttendance'?
server/storage.ts(2677,38): error TS2552: Cannot find name 'workshopAttendances'. Did you mean 'WorkshopAttendance'?
server/storage.ts(2682,52): error TS2552: Cannot find name 'workshopAttendances'. Did you mean 'WorkshopAttendance'?
server/storage.ts(2682,82): error TS2304: Cannot find name 'workshopAttendances'.
server/storage.ts(2687,21): error TS2304: Cannot find name 'workshopAttendances'.
server/storage.ts(2687,51): error TS2304: Cannot find name 'workshopAttendances'.
server/storage.ts(2753,14): error TS2304: Cannot find name 'ilike'.
server/storage.ts(3234,10): error TS2304: Cannot find name 'workshops'.
server/storage.ts(3235,10): error TS2304: Cannot find name 'workshops'.
server/storage.ts(3237,18): error TS2304: Cannot find name 'workshops'.
server/storage.ts(3238,18): error TS2304: Cannot find name 'workshops'.
server/storage.ts(3243,15): error TS2304: Cannot find name 'workshops'.
server/storage.ts(3244,20): error TS2304: Cannot find name 'workshops'.
server/storage.ts(3245,18): error TS2304: Cannot find name 'workshops'.
server/storage.ts(3246,20): error TS2304: Cannot find name 'workshops'.
server/storage.ts(3248,13): error TS2304: Cannot find name 'workshops'.
server/storage.ts(3572,39): error TS2322: Type 'string' is not assignable to type 'Date | SQL<unknown> | null | undefined'.
server/storage.ts(3601,54): error TS2551: Property 'walletType' does not exist on type 'MySqlTableWithColumns<{ name: "carnet_wallets"; schema: undefined; columns: { id: MySqlColumn<{ name: "id"; tableName: "carnet_wallets"; dataType: "number"; columnType: "MySqlInt"; data: number; driverParam: string | number; ... 8 more ...; generated: undefined; }, {}, {}>; ... 17 more ...; updatedAt: MySqlColumn<.....'. Did you mean 'walletTypeId'?
server/storage.ts(3611,23): error TS2769: No overload matches this call.
  Overload 1 of 3, '(left: MySqlColumn<{ name: "expires_at"; tableName: "carnet_wallets"; dataType: "date"; columnType: "MySqlDate"; data: Date; driverParam: string | number; notNull: true; hasDefault: false; isPrimaryKey: false; ... 5 more ...; generated: undefined; }, {}, {}>, right: Date | SQLWrapper): SQL<...>', gave the following error.
    Argument of type 'string' is not assignable to parameter of type 'Date | SQLWrapper'.
  Overload 2 of 3, '(left: Aliased<string>, right: string | SQLWrapper): SQL<unknown>', gave the following error.
    Argument of type 'MySqlColumn<{ name: "expires_at"; tableName: "carnet_wallets"; dataType: "date"; columnType: "MySqlDate"; data: Date; driverParam: string | number; notNull: true; hasDefault: false; isPrimaryKey: false; ... 5 more ...; generated: undefined; }, {}, {}>' is not assignable to parameter of type 'Aliased<string>'.
      Type 'MySqlColumn<{ name: "expires_at"; tableName: "carnet_wallets"; dataType: "date"; columnType: "MySqlDate"; data: Date; driverParam: string | number; notNull: true; hasDefault: false; isPrimaryKey: false; ... 5 more ...; generated: undefined; }, {}, {}>' is missing the following properties from type 'Aliased<string>': sql, fieldAlias
  Overload 3 of 3, '(left: never, right: unknown): SQL<unknown>', gave the following error.
    Argument of type 'MySqlColumn<{ name: "expires_at"; tableName: "carnet_wallets"; dataType: "date"; columnType: "MySqlDate"; data: Date; driverParam: string | number; notNull: true; hasDefault: false; isPrimaryKey: false; ... 5 more ...; generated: undefined; }, {}, {}>' is not assignable to parameter of type 'never'.
server/storage.ts(3612,23): error TS2769: No overload matches this call.
  Overload 1 of 3, '(left: MySqlColumn<{ name: "expires_at"; tableName: "carnet_wallets"; dataType: "date"; columnType: "MySqlDate"; data: Date; driverParam: string | number; notNull: true; hasDefault: false; isPrimaryKey: false; ... 5 more ...; generated: undefined; }, {}, {}>, right: Date | SQLWrapper): SQL<...>', gave the following error.
    Argument of type 'string' is not assignable to parameter of type 'Date | SQLWrapper'.
  Overload 2 of 3, '(left: Aliased<string>, right: string | SQLWrapper): SQL<unknown>', gave the following error.
    Argument of type 'MySqlColumn<{ name: "expires_at"; tableName: "carnet_wallets"; dataType: "date"; columnType: "MySqlDate"; data: Date; driverParam: string | number; notNull: true; hasDefault: false; isPrimaryKey: false; ... 5 more ...; generated: undefined; }, {}, {}>' is not assignable to parameter of type 'Aliased<string>'.
      Type 'MySqlColumn<{ name: "expires_at"; tableName: "carnet_wallets"; dataType: "date"; columnType: "MySqlDate"; data: Date; driverParam: string | number; notNull: true; hasDefault: false; isPrimaryKey: false; ... 5 more ...; generated: undefined; }, {}, {}>' is missing the following properties from type 'Aliased<string>': sql, fieldAlias
  Overload 3 of 3, '(left: never, right: unknown): SQL<unknown>', gave the following error.
    Argument of type 'MySqlColumn<{ name: "expires_at"; tableName: "carnet_wallets"; dataType: "date"; columnType: "MySqlDate"; data: Date; driverParam: string | number; notNull: true; hasDefault: false; isPrimaryKey: false; ... 5 more ...; generated: undefined; }, {}, {}>' is not assignable to parameter of type 'never'.
server/storage.ts(3620,34): error TS2339: Property 'label' does not exist on type 'MySqlTableWithColumns<{ name: "custom_list_items"; schema: undefined; columns: { id: MySqlColumn<{ name: "id"; tableName: "custom_list_items"; dataType: "number"; columnType: "MySqlInt"; data: number; driverParam: string | number; ... 8 more ...; generated: undefined; }, {}, {}>; ... 4 more ...; color: MySqlColumn<....'.
server/storage.ts(3625,47): error TS2551: Property 'walletType' does not exist on type 'MySqlTableWithColumns<{ name: "carnet_wallets"; schema: undefined; columns: { id: MySqlColumn<{ name: "id"; tableName: "carnet_wallets"; dataType: "number"; columnType: "MySqlInt"; data: number; driverParam: string | number; ... 8 more ...; generated: undefined; }, {}, {}>; ... 17 more ...; updatedAt: MySqlColumn<.....'. Did you mean 'walletTypeId'?
server/storage.ts(3647,52): error TS2551: Property 'walletType' does not exist on type '{ id: number; memberId: number; walletTypeId: number; totalUnits: number; usedUnits: number; expiryDays: number; paymentId: number | null; trialDate: Date | null; purchasedAt: Date; ... 9 more ...; updatedAt: Date | null; }'. Did you mean 'walletTypeId'?
server/storage.ts(3755,13): error TS2322: Type 'any[]' is not assignable to type 'never[]'.
  Type 'any' is not assignable to type 'never'.
server/storage.ts(3798,7): error TS2769: No overload matches this call.
  Overload 1 of 2, '(value: { type: string | SQL<unknown> | Placeholder<string, any>; amount: string | SQL<unknown> | Placeholder<string, any>; id?: number | SQL<unknown> | Placeholder<string, any> | undefined; ... 36 more ...; enrollmentDetailLabels?: string[] | ... 3 more ... | undefined; }): MySqlInsertBase<...>', gave the following error.
    Object literal may only specify known properties, and 'tenantId' does not exist in type '{ type: string | SQL<unknown> | Placeholder<string, any>; amount: string | SQL<unknown> | Placeholder<string, any>; id?: number | SQL<unknown> | Placeholder<string, any> | undefined; ... 36 more ...; enrollmentDetailLabels?: string[] | ... 3 more ... | undefined; }'.
  Overload 2 of 2, '(values: { type: string | SQL<unknown> | Placeholder<string, any>; amount: string | SQL<unknown> | Placeholder<string, any>; id?: number | SQL<unknown> | Placeholder<string, any> | undefined; ... 36 more ...; enrollmentDetailLabels?: string[] | ... 3 more ... | undefined; }[]): MySqlInsertBase<...>', gave the following error.
    Object literal may only specify known properties, and 'tenantId' does not exist in type '{ type: string | SQL<unknown> | Placeholder<string, any>; amount: string | SQL<unknown> | Placeholder<string, any>; id?: number | SQL<unknown> | Placeholder<string, any> | undefined; ... 36 more ...; enrollmentDetailLabels?: string[] | ... 3 more ... | undefined; }[]'.
server/storage.ts(3816,53): error TS2769: No overload matches this call.
  Overload 1 of 2, '(value: { description: string | SQL<unknown> | Placeholder<string, any>; amount: string | SQL<unknown> | Placeholder<string, any>; entryDate: Date | SQL<...> | Placeholder<...>; ... 12 more ...; isAuto?: boolean | ... 3 more ... | undefined; }): MySqlInsertBase<...>', gave the following error.
    Type 'string' is not assignable to type 'Date | SQL<unknown> | Placeholder<string, any>'.
  Overload 2 of 2, '(values: { description: string | SQL<unknown> | Placeholder<string, any>; amount: string | SQL<unknown> | Placeholder<string, any>; entryDate: Date | SQL<...> | Placeholder<...>; ... 12 more ...; isAuto?: boolean | ... 3 more ... | undefined; }[]): MySqlInsertBase<...>', gave the following error.
    Object literal may only specify known properties, and 'tenantId' does not exist in type '{ description: string | SQL<unknown> | Placeholder<string, any>; amount: string | SQL<unknown> | Placeholder<string, any>; entryDate: Date | SQL<...> | Placeholder<...>; ... 12 more ...; isAuto?: boolean | ... 3 more ... | undefined; }[]'.
server/storage.ts(3878,30): error TS2339: Property 'receiptNumber' does not exist on type '{ id: number; memberId: number | null; enrollmentId: number | null; globalEnrollmentId: number | null; amount: string; type: string; description: string | null; status: string; dueDate: Date | null; ... 30 more ...; updatedAt: Date | null; }'.
shared/schema.ts(2467,36): error TS2552: Cannot find name 'attendanceLogs'. Did you mean 'attendances'?
shared/schema.ts(2468,42): error TS2552: Cannot find name 'attendanceLogs'. Did you mean 'attendances'?
shared/schema.ts(2506,13): error TS2300: Duplicate identifier 'InsertPromoRule'.
shared/schema.ts(2574,13): error TS2300: Duplicate identifier 'InsertPromoRule'.
