server/routes.ts(3323,11): error TS2304: Cannot find name 'or'.
server/routes.ts(6731,83): error TS2561: Object literal may only specify known properties, but 'entity' does not exist in type '{ userId: string; action: string; details?: Json | undefined; entityType?: string | null | undefined; entityId?: string | null | undefined; ipAddress?: string | null | undefined; }'. Did you mean to write 'entityId'?
server/routes.ts(6743,82): error TS2561: Object literal may only specify known properties, but 'entity' does not exist in type '{ userId: string; action: string; details?: Json | undefined; entityType?: string | null | undefined; entityId?: string | null | undefined; ipAddress?: string | null | undefined; }'. Did you mean to write 'entityId'?
server/routes.ts(6768,32): error TS18047: 'exactRule.usedCount' is possibly 'null'.
server/routes.ts(6770,60): error TS2339: Property 'targetRefId' does not exist on type '{ isExpired: boolean; id: number; tenantId: number; code: string; label: string; ruleType: "fixed" | "percentage" | "blocked_price"; value: string; validFrom: Date | null; validTo: Date | null; ... 11 more ...; updatedAt: Date | null; }'.
server/routes.ts(6774,21): error TS2339: Property 'discountType' does not exist on type '{ isExpired: boolean; id: number; tenantId: number; code: string; label: string; ruleType: "fixed" | "percentage" | "blocked_price"; value: string; validFrom: Date | null; validTo: Date | null; ... 11 more ...; updatedAt: Date | null; }'.
server/routes.ts(6775,49): error TS2339: Property 'discountValue' does not exist on type '{ isExpired: boolean; id: number; tenantId: number; code: string; label: string; ruleType: "fixed" | "percentage" | "blocked_price"; value: string; validFrom: Date | null; validTo: Date | null; ... 11 more ...; updatedAt: Date | null; }'.
server/routes.ts(6777,59): error TS2339: Property 'discountValue' does not exist on type '{ isExpired: boolean; id: number; tenantId: number; code: string; label: string; ruleType: "fixed" | "percentage" | "blocked_price"; value: string; validFrom: Date | null; validTo: Date | null; ... 11 more ...; updatedAt: Date | null; }'.
server/routes.ts(6838,78): error TS2561: Object literal may only specify known properties, but 'entity' does not exist in type '{ userId: string; action: string; details?: Json | undefined; entityType?: string | null | undefined; entityId?: string | null | undefined; ipAddress?: string | null | undefined; }'. Did you mean to write 'entityId'?
server/routes.ts(6892,85): error TS2561: Object literal may only specify known properties, but 'entity' does not exist in type '{ userId: string; action: string; details?: Json | undefined; entityType?: string | null | undefined; entityId?: string | null | undefined; ipAddress?: string | null | undefined; }'. Did you mean to write 'entityId'?
server/routes.ts(7110,30): error TS2339: Property 'getPriceMatrix' does not exist on type 'DatabaseStorage'.
server/routes.ts(7217,9): error TS2769: No overload matches this call.
server/routes.ts(7229,39): error TS2769: No overload matches this call.
server/routes.ts(7255,15): error TS2339: Property 'category' does not exist on type '{ seasonId: any; startDate: any; endDate: any; }'.
server/routes.ts(7255,25): error TS2339: Property 'courseCount' does not exist on type '{ seasonId: any; startDate: any; endDate: any; }'.
server/routes.ts(7255,38): error TS2339: Property 'groupSize' does not exist on type '{ seasonId: any; startDate: any; endDate: any; }'.
server/routes.ts(7255,49): error TS2339: Property 'locationType' does not exist on type '{ seasonId: any; startDate: any; endDate: any; }'.
server/routes.ts(7271,11): error TS7034: Variable 'appliedRules' implicitly has type 'any[]' in some locations where its type cannot be determined.
server/routes.ts(7276,9): error TS7005: Variable 'appliedRules' implicitly has an 'any[]' type.
server/routes.ts(7459,138): error TS2769: No overload matches this call.
server/storage.ts(23,3): error TS2300: Duplicate identifier 'customListItems'.
server/storage.ts(62,8): error TS2305: Module '"@shared/schema"' has no exported member 'Workshop'.
server/storage.ts(63,8): error TS2305: Module '"@shared/schema"' has no exported member 'InsertWorkshop'.
server/storage.ts(74,8): error TS2305: Module '"@shared/schema"' has no exported member 'WorkshopAttendance'.
server/storage.ts(75,8): error TS2724: '"@shared/schema"' has no exported member named 'InsertWorkshopAttendance'. Did you mean 'InsertAttendance'?
server/storage.ts(134,8): error TS2305: Module '"@shared/schema"' has no exported member 'CampusActivity'.
server/storage.ts(135,8): error TS2724: '"@shared/schema"' has no exported member named 'InsertCampusActivity'. Did you mean 'InsertActivity'?
server/storage.ts(136,8): error TS2305: Module '"@shared/schema"' has no exported member 'VacationStudy'.
server/storage.ts(137,8): error TS2305: Module '"@shared/schema"' has no exported member 'InsertVacationStudy'.
server/storage.ts(162,3): error TS2300: Duplicate identifier 'customListItems'.
server/storage.ts(1971,35): error TS2552: Cannot find name 'workshops'. Did you mean 'Workshop'?
server/storage.ts(1971,55): error TS2552: Cannot find name 'workshops'. Did you mean 'Workshop'?
server/storage.ts(2339,5): error TS2322: Type '{ id: number; memberId: number; courseId: number; participationType: string | null; targetDate: Date | null; enrollmentDate: Date | null; status: string; notes: string | null; ... 7 more ...; seasonId: number | null; }[]' is not assignable to type '({ id: number; createdAt: Date | null; status: string; notes: string | null; seasonId: number | null; memberId: number; courseId: number; participationType: string | null; targetDate: Date | null; ... 5 more ...; completionNotes: string | null; } & { ...; })[]'.
server/storage.ts(2366,5): error TS2322: Type '{ id: number; memberId: number; courseId: number; participationType: string | null; targetDate: Date | null; enrollmentDate: Date | null; status: string; notes: string | null; ... 7 more ...; seasonId: number | null; }[]' is not assignable to type '({ id: number; createdAt: Date | null; status: string; notes: string | null; seasonId: number | null; memberId: number; courseId: number; participationType: string | null; targetDate: Date | null; ... 5 more ...; completionNotes: string | null; } & { ...; })[]'.
server/storage.ts(2406,5): error TS2322: Type '{ id: number; memberId: number; courseId: number; participationType: string | null; targetDate: Date | null; enrollmentDate: Date | null; status: string; notes: string | null; ... 9 more ...; courseInstructorName: string; }[]' is not assignable to type '({ id: number; createdAt: Date | null; status: string; notes: string | null; seasonId: number | null; memberId: number; courseId: number; participationType: string | null; targetDate: Date | null; ... 5 more ...; completionNotes: string | null; } & { ...; })[]'.
server/storage.ts(2667,35): error TS2552: Cannot find name 'workshopAttendances'. Did you mean 'WorkshopAttendance'?
server/storage.ts(2667,69): error TS2552: Cannot find name 'workshopAttendances'. Did you mean 'WorkshopAttendance'?
server/storage.ts(2671,49): error TS2552: Cannot find name 'workshopAttendances'. Did you mean 'WorkshopAttendance'?
server/storage.ts(2671,79): error TS2552: Cannot find name 'workshopAttendances'. Did you mean 'WorkshopAttendance'?
server/storage.ts(2677,38): error TS2552: Cannot find name 'workshopAttendances'. Did you mean 'WorkshopAttendance'?
server/storage.ts(2682,52): error TS2552: Cannot find name 'workshopAttendances'. Did you mean 'WorkshopAttendance'?
server/storage.ts(2682,82): error TS2304: Cannot find name 'workshopAttendances'.
server/storage.ts(2687,21): error TS2304: Cannot find name 'workshopAttendances'.
server/storage.ts(2687,51): error TS2304: Cannot find name 'workshopAttendances'.
server/storage.ts(2753,14): error TS2304: Cannot find name 'ilike'.
server/storage.ts(3234,10): error TS2304: Cannot find name 'workshops'.
server/storage.ts(3235,10): error TS2304: Cannot find name 'workshops'.
server/storage.ts(3237,18): error TS2304: Cannot find name 'workshops'.
server/storage.ts(3238,18): error TS2304: Cannot find name 'workshops'.
server/storage.ts(3243,15): error TS2304: Cannot find name 'workshops'.
server/storage.ts(3244,20): error TS2304: Cannot find name 'workshops'.
server/storage.ts(3245,18): error TS2304: Cannot find name 'workshops'.
server/storage.ts(3246,20): error TS2304: Cannot find name 'workshops'.
server/storage.ts(3248,13): error TS2304: Cannot find name 'workshops'.
server/storage.ts(3572,39): error TS2322: Type 'string' is not assignable to type 'Date | SQL<unknown> | null | undefined'.
server/storage.ts(3601,54): error TS2551: Property 'walletType' does not exist on type 'MySqlTableWithColumns<{ name: "carnet_wallets"; schema: undefined; columns: { id: MySqlColumn<{ name: "id"; tableName: "carnet_wallets"; dataType: "number"; columnType: "MySqlInt"; data: number; driverParam: string | number; ... 8 more ...; generated: undefined; }, {}, {}>; ... 17 more ...; updatedAt: MySqlColumn<.....'. Did you mean 'walletTypeId'?
server/storage.ts(3611,23): error TS2769: No overload matches this call.
server/storage.ts(3612,23): error TS2769: No overload matches this call.
server/storage.ts(3620,34): error TS2339: Property 'label' does not exist on type 'MySqlTableWithColumns<{ name: "custom_list_items"; schema: undefined; columns: { id: MySqlColumn<{ name: "id"; tableName: "custom_list_items"; dataType: "number"; columnType: "MySqlInt"; data: number; driverParam: string | number; ... 8 more ...; generated: undefined; }, {}, {}>; ... 4 more ...; color: MySqlColumn<....'.
server/storage.ts(3625,47): error TS2551: Property 'walletType' does not exist on type 'MySqlTableWithColumns<{ name: "carnet_wallets"; schema: undefined; columns: { id: MySqlColumn<{ name: "id"; tableName: "carnet_wallets"; dataType: "number"; columnType: "MySqlInt"; data: number; driverParam: string | number; ... 8 more ...; generated: undefined; }, {}, {}>; ... 17 more ...; updatedAt: MySqlColumn<.....'. Did you mean 'walletTypeId'?
server/storage.ts(3647,52): error TS2551: Property 'walletType' does not exist on type '{ id: number; memberId: number; walletTypeId: number; totalUnits: number; usedUnits: number; expiryDays: number; paymentId: number | null; trialDate: Date | null; purchasedAt: Date; ... 9 more ...; updatedAt: Date | null; }'. Did you mean 'walletTypeId'?
server/storage.ts(3755,13): error TS2322: Type 'any[]' is not assignable to type 'never[]'.
server/storage.ts(3798,7): error TS2769: No overload matches this call.
server/storage.ts(3816,53): error TS2769: No overload matches this call.
server/storage.ts(3878,30): error TS2339: Property 'receiptNumber' does not exist on type '{ id: number; memberId: number | null; enrollmentId: number | null; globalEnrollmentId: number | null; amount: string; type: string; description: string | null; status: string; dueDate: Date | null; ... 30 more ...; updatedAt: Date | null; }'.
