client/src/lib/event-mappers.ts(125,8): error TS2304: Cannot find name 'Workshop'.
client/src/pages/access-control.tsx(114,40): error TS2304: Cannot find name 'Workshop'.
client/src/pages/attivita.tsx(128,74): error TS2304: Cannot find name 'Workshop'.
client/src/pages/attivita.tsx(304,40): error TS2304: Cannot find name 'Workshop'.
client/src/pages/calendar.tsx(281,60): error TS2304: Cannot find name 'Workshop'.
client/src/pages/calendar.tsx(399,42): error TS2304: Cannot find name 'Workshop'.
client/src/pages/calendar.tsx(1460,43): error TS2304: Cannot find name 'Workshop'.
client/src/pages/iscritti_per_attivita.tsx(70,69): error TS2304: Cannot find name 'Workshop'.
client/src/pages/iscritti_per_attivita.tsx(75,63): error TS2304: Cannot find name 'PaidTrial'.
client/src/pages/iscritti_per_attivita.tsx(76,63): error TS2304: Cannot find name 'FreeTrial'.
client/src/pages/iscritti_per_attivita.tsx(77,66): error TS2304: Cannot find name 'SingleLesson'.
client/src/pages/iscritti_per_attivita.tsx(83,68): error TS2304: Cannot find name 'VacationStudy'.
client/src/pages/iscritti_per_attivita.tsx(124,68): error TS2304: Cannot find name 'Workshop'.
client/src/pages/iscritti_per_attivita.tsx(129,180): error TS2304: Cannot find name 'Workshop'.
client/src/pages/iscritti_per_attivita.tsx(178,70): error TS2304: Cannot find name 'Workshop'.
client/src/pages/listini.tsx(250,42): error TS2304: Cannot find name 'Workshop'.
client/src/pages/listini.tsx(255,49): error TS2304: Cannot find name 'CampusActivity'.
client/src/pages/listini.tsx(257,48): error TS2304: Cannot find name 'VacationStudy'.
client/src/pages/scheda-vacanza-studio.tsx(33,63): error TS2304: Cannot find name 'VacationStudy'.
client/src/pages/scheda-workshop.tsx(33,71): error TS2304: Cannot find name 'Workshop'.
client/src/pages/workshops.tsx(100,58): error TS2304: Cannot find name 'Workshop'.
client/src/pages/workshops.tsx(116,51): error TS2304: Cannot find name 'Workshop'.
client/src/pages/workshops.tsx(218,30): error TS2304: Cannot find name 'InsertWorkshop'.
client/src/pages/workshops.tsx(247,58): error TS2304: Cannot find name 'InsertWorkshop'.
client/src/pages/workshops.tsx(291,17): error TS2304: Cannot find name 'InsertWorkshop'.
client/src/pages/workshops.tsx(319,37): error TS2304: Cannot find name 'Workshop'.
